<?xml version="1.0" encoding="UTF-8"?>
<!-- Generated by org.testng.reporters.JUnitReportReporter -->
<testsuite hostname="DESKTOP-DUFGOO9" failures="0" tests="1" name="SeleniumThreePm.ParallelExecution2" time="96.684" errors="0" timestamp="2022-10-14T16:09:14 IST" skipped="0">
  <testcase classname="SeleniumThreePm.ParallelExecution2" name="demo" time="96.684"/>
  <system-out/>
</testsuite> <!-- SeleniumThreePm.ParallelExecution2 -->
