<?xml version="1.0" encoding="UTF-8"?>
<!-- Generated by org.testng.reporters.JUnitReportReporter -->
<testsuite hostname="DESKTOP-DUFGOO9" failures="0" tests="1" name="SeleniumThreePm.HardAssert" time="0.013" errors="0" timestamp="2022-10-13T15:09:52 IST" skipped="0">
  <testcase classname="SeleniumThreePm.HardAssert" name="demo" time="0.013"/>
  <system-out/>
</testsuite> <!-- SeleniumThreePm.HardAssert -->
