<?xml version="1.0" encoding="UTF-8"?>
<!-- Generated by org.testng.reporters.JUnitReportReporter -->
<testsuite hostname="DESKTOP-DUFGOO9" failures="0" tests="3" name="SeleniumThreePm.DependsOn" time="0.013" errors="0" timestamp="2022-10-12T16:42:45 IST" skipped="0">
  <testcase classname="SeleniumThreePm.DependsOn" name="payment" time="0.003"/>
  <system-out/>
  <testcase classname="SeleniumThreePm.DependsOn" name="login" time="0.007"/>
  <system-out/>
  <testcase classname="SeleniumThreePm.DependsOn" name="addToCart" time="0.003"/>
  <system-out/>
</testsuite> <!-- SeleniumThreePm.DependsOn -->
